{"/Users/wuxiao/wuxiao-desktop/wuxiao.io/experiment/fe-test/rtl/src/ApolloClient.js": {"path":"/Users/wuxiao/wuxiao-desktop/wuxiao.io/experiment/fe-test/rtl/src/ApolloClient.js","statementMap":{"0":{"start":{"line":3,"column":14},"end":{"line":3,"column":33}},"1":{"start":{"line":5,"column":13},"end":{"line":11,"column":2}},"2":{"start":{"line":10,"column":22},"end":{"line":10,"column":36}},"3":{"start":{"line":15,"column":22},"end":{"line":18,"column":2}}},"fnMap":{"0":{"name":"(anonymous_0)","decl":{"start":{"line":10,"column":9},"end":{"line":10,"column":10}},"loc":{"start":{"line":10,"column":22},"end":{"line":10,"column":36}},"line":10}},"branchMap":{},"s":{"0":1,"1":1,"2":1,"3":1},"f":{"0":1},"b":{},"_coverageSchema":"1a1c01bbd47fc00a2c39e90264f33305004495a9","hash":"19a01905f7fc187cc25f55a7dab147c62035bad5"}
,"/Users/wuxiao/wuxiao-desktop/wuxiao.io/experiment/fe-test/rtl/src/Routes.js": {"path":"/Users/wuxiao/wuxiao-desktop/wuxiao.io/experiment/fe-test/rtl/src/Routes.js","statementMap":{"0":{"start":{"line":6,"column":15},"end":{"line":19,"column":1}},"1":{"start":{"line":7,"column":2},"end":{"line":18,"column":4}},"2":{"start":{"line":13,"column":10},"end":{"line":13,"column":38}},"3":{"start":{"line":14,"column":10},"end":{"line":14,"column":22}}},"fnMap":{"0":{"name":"(anonymous_0)","decl":{"start":{"line":6,"column":15},"end":{"line":6,"column":16}},"loc":{"start":{"line":6,"column":21},"end":{"line":19,"column":1}},"line":6},"1":{"name":"(anonymous_1)","decl":{"start":{"line":12,"column":16},"end":{"line":12,"column":17}},"loc":{"start":{"line":12,"column":22},"end":{"line":15,"column":9}},"line":12}},"branchMap":{},"s":{"0":0,"1":0,"2":0,"3":0},"f":{"0":0,"1":0},"b":{}}
,"/Users/wuxiao/wuxiao-desktop/wuxiao.io/experiment/fe-test/rtl/src/index.js": {"path":"/Users/wuxiao/wuxiao-desktop/wuxiao.io/experiment/fe-test/rtl/src/index.js","statementMap":{"0":{"start":{"line":6,"column":12},"end":{"line":16,"column":1}},"1":{"start":{"line":7,"column":2},"end":{"line":15,"column":4}},"2":{"start":{"line":18,"column":0},"end":{"line":18,"column":58}}},"fnMap":{"0":{"name":"(anonymous_0)","decl":{"start":{"line":6,"column":12},"end":{"line":6,"column":13}},"loc":{"start":{"line":6,"column":18},"end":{"line":16,"column":1}},"line":6}},"branchMap":{},"s":{"0":0,"1":0,"2":0},"f":{"0":0},"b":{}}
,"/Users/wuxiao/wuxiao-desktop/wuxiao.io/experiment/fe-test/rtl/src/application/TodosMobx/TodoList.js": {"path":"/Users/wuxiao/wuxiao-desktop/wuxiao.io/experiment/fe-test/rtl/src/application/TodosMobx/TodoList.js","statementMap":{"0":{"start":{"line":6,"column":17},"end":{"line":61,"column":1}},"1":{"start":{"line":14,"column":6},"end":{"line":14,"column":11}},"2":{"start":{"line":15,"column":2},"end":{"line":60,"column":4}},"3":{"start":{"line":24,"column":12},"end":{"line":24,"column":24}},"4":{"start":{"line":25,"column":12},"end":{"line":25,"column":44}},"5":{"start":{"line":30,"column":12},"end":{"line":30,"column":31}},"6":{"start":{"line":31,"column":12},"end":{"line":31,"column":32}},"7":{"start":{"line":38,"column":8},"end":{"line":57,"column":10}},"8":{"start":{"line":44,"column":16},"end":{"line":44,"column":36}},"9":{"start":{"line":51,"column":16},"end":{"line":51,"column":36}},"10":{"start":{"line":63,"column":0},"end":{"line":72,"column":2}}},"fnMap":{"0":{"name":"(anonymous_0)","decl":{"start":{"line":6,"column":17},"end":{"line":6,"column":18}},"loc":{"start":{"line":6,"column":32},"end":{"line":61,"column":1}},"line":6},"1":{"name":"(anonymous_1)","decl":{"start":{"line":23,"column":20},"end":{"line":23,"column":21}},"loc":{"start":{"line":23,"column":27},"end":{"line":26,"column":11}},"line":23},"2":{"name":"(anonymous_2)","decl":{"start":{"line":29,"column":19},"end":{"line":29,"column":20}},"loc":{"start":{"line":29,"column":25},"end":{"line":32,"column":11}},"line":29},"3":{"name":"(anonymous_3)","decl":{"start":{"line":37,"column":20},"end":{"line":37,"column":21}},"loc":{"start":{"line":37,"column":30},"end":{"line":58,"column":7}},"line":37},"4":{"name":"(anonymous_4)","decl":{"start":{"line":43,"column":23},"end":{"line":43,"column":24}},"loc":{"start":{"line":43,"column":29},"end":{"line":45,"column":15}},"line":43},"5":{"name":"(anonymous_5)","decl":{"start":{"line":50,"column":23},"end":{"line":50,"column":24}},"loc":{"start":{"line":50,"column":29},"end":{"line":52,"column":15}},"line":50}},"branchMap":{},"s":{"0":0,"1":0,"2":0,"3":0,"4":0,"5":0,"6":0,"7":0,"8":0,"9":0,"10":0},"f":{"0":0,"1":0,"2":0,"3":0,"4":0,"5":0},"b":{}}
,"/Users/wuxiao/wuxiao-desktop/wuxiao.io/experiment/fe-test/rtl/src/application/TodosMobx/TodosMobx.js": {"path":"/Users/wuxiao/wuxiao-desktop/wuxiao.io/experiment/fe-test/rtl/src/application/TodosMobx/TodosMobx.js","statementMap":{"0":{"start":{"line":6,"column":18},"end":{"line":13,"column":1}},"1":{"start":{"line":7,"column":2},"end":{"line":12,"column":4}}},"fnMap":{"0":{"name":"(anonymous_0)","decl":{"start":{"line":6,"column":18},"end":{"line":6,"column":19}},"loc":{"start":{"line":6,"column":24},"end":{"line":13,"column":1}},"line":6}},"branchMap":{},"s":{"0":0,"1":0},"f":{"0":0},"b":{}}
,"/Users/wuxiao/wuxiao-desktop/wuxiao.io/experiment/fe-test/rtl/src/application/TodosMobx/TodosMobxStore.js": {"path":"/Users/wuxiao/wuxiao-desktop/wuxiao.io/experiment/fe-test/rtl/src/application/TodosMobx/TodosMobxStore.js","statementMap":{"0":{"start":{"line":6,"column":4},"end":{"line":6,"column":25}},"1":{"start":{"line":9,"column":25},"end":{"line":25,"column":3}},"2":{"start":{"line":27,"column":26},"end":{"line":27,"column":28}},"3":{"start":{"line":29,"column":28},"end":{"line":31,"column":3}},"4":{"start":{"line":30,"column":4},"end":{"line":30,"column":27}},"5":{"start":{"line":33,"column":20},"end":{"line":41,"column":3}},"6":{"start":{"line":34,"column":4},"end":{"line":40,"column":5}},"7":{"start":{"line":35,"column":6},"end":{"line":39,"column":9}},"8":{"start":{"line":43,"column":23},"end":{"line":49,"column":3}},"9":{"start":{"line":44,"column":4},"end":{"line":48,"column":7}},"10":{"start":{"line":45,"column":6},"end":{"line":47,"column":7}},"11":{"start":{"line":46,"column":8},"end":{"line":46,"column":31}},"12":{"start":{"line":51,"column":23},"end":{"line":53,"column":3}},"13":{"start":{"line":52,"column":4},"end":{"line":52,"column":67}},"14":{"start":{"line":52,"column":51},"end":{"line":52,"column":65}},"15":{"start":{"line":56,"column":31},"end":{"line":56,"column":51}}},"fnMap":{"0":{"name":"(anonymous_0)","decl":{"start":{"line":5,"column":2},"end":{"line":5,"column":3}},"loc":{"start":{"line":5,"column":16},"end":{"line":7,"column":3}},"line":5},"1":{"name":"(anonymous_1)","decl":{"start":{"line":29,"column":28},"end":{"line":29,"column":29}},"loc":{"start":{"line":29,"column":39},"end":{"line":31,"column":3}},"line":29},"2":{"name":"(anonymous_2)","decl":{"start":{"line":33,"column":20},"end":{"line":33,"column":21}},"loc":{"start":{"line":33,"column":33},"end":{"line":41,"column":3}},"line":33},"3":{"name":"(anonymous_3)","decl":{"start":{"line":43,"column":23},"end":{"line":43,"column":24}},"loc":{"start":{"line":43,"column":31},"end":{"line":49,"column":3}},"line":43},"4":{"name":"(anonymous_4)","decl":{"start":{"line":44,"column":26},"end":{"line":44,"column":27}},"loc":{"start":{"line":44,"column":36},"end":{"line":48,"column":5}},"line":44},"5":{"name":"(anonymous_5)","decl":{"start":{"line":51,"column":23},"end":{"line":51,"column":24}},"loc":{"start":{"line":51,"column":31},"end":{"line":53,"column":3}},"line":51},"6":{"name":"(anonymous_6)","decl":{"start":{"line":52,"column":41},"end":{"line":52,"column":42}},"loc":{"start":{"line":52,"column":51},"end":{"line":52,"column":65}},"line":52}},"branchMap":{"0":{"loc":{"start":{"line":34,"column":4},"end":{"line":40,"column":5}},"type":"if","locations":[{"start":{"line":34,"column":4},"end":{"line":40,"column":5}},{"start":{"line":34,"column":4},"end":{"line":40,"column":5}}],"line":34},"1":{"loc":{"start":{"line":45,"column":6},"end":{"line":47,"column":7}},"type":"if","locations":[{"start":{"line":45,"column":6},"end":{"line":47,"column":7}},{"start":{"line":45,"column":6},"end":{"line":47,"column":7}}],"line":45}},"s":{"0":0,"1":0,"2":0,"3":0,"4":0,"5":0,"6":0,"7":0,"8":0,"9":0,"10":0,"11":0,"12":0,"13":0,"14":0,"15":0},"f":{"0":0,"1":0,"2":0,"3":0,"4":0,"5":0,"6":0},"b":{"0":[0,0],"1":[0,0]}}
,"/Users/wuxiao/wuxiao-desktop/wuxiao.io/experiment/fe-test/rtl/src/components/Button/Button.js": {"path":"/Users/wuxiao/wuxiao-desktop/wuxiao.io/experiment/fe-test/rtl/src/components/Button/Button.js","statementMap":{"0":{"start":{"line":4,"column":15},"end":{"line":15,"column":1}},"1":{"start":{"line":5,"column":17},"end":{"line":8,"column":3}},"2":{"start":{"line":10,"column":2},"end":{"line":14,"column":4}},"3":{"start":{"line":17,"column":0},"end":{"line":23,"column":1}},"4":{"start":{"line":25,"column":0},"end":{"line":32,"column":2}},"5":{"start":{"line":30,"column":4},"end":{"line":30,"column":54}},"6":{"start":{"line":34,"column":0},"end":{"line":38,"column":2}}},"fnMap":{"0":{"name":"(anonymous_0)","decl":{"start":{"line":4,"column":15},"end":{"line":4,"column":16}},"loc":{"start":{"line":4,"column":65},"end":{"line":15,"column":1}},"line":4},"1":{"name":"(anonymous_1)","decl":{"start":{"line":28,"column":11},"end":{"line":28,"column":12}},"loc":{"start":{"line":28,"column":22},"end":{"line":31,"column":3}},"line":28}},"branchMap":{},"s":{"0":0,"1":0,"2":0,"3":0,"4":0,"5":0,"6":0},"f":{"0":0,"1":0},"b":{}}
,"/Users/wuxiao/wuxiao-desktop/wuxiao.io/experiment/fe-test/rtl/src/components/Button/Button.stories.js": {"path":"/Users/wuxiao/wuxiao-desktop/wuxiao.io/experiment/fe-test/rtl/src/components/Button/Button.stories.js","statementMap":{"0":{"start":{"line":17,"column":17},"end":{"line":21,"column":1}},"1":{"start":{"line":18,"column":2},"end":{"line":20,"column":11}},"2":{"start":{"line":23,"column":27},"end":{"line":23,"column":44}},"3":{"start":{"line":24,"column":0},"end":{"line":27,"column":2}}},"fnMap":{"0":{"name":"(anonymous_0)","decl":{"start":{"line":17,"column":17},"end":{"line":17,"column":18}},"loc":{"start":{"line":18,"column":2},"end":{"line":20,"column":11}},"line":18}},"branchMap":{},"s":{"0":0,"1":0,"2":0,"3":0},"f":{"0":0},"b":{}}
,"/Users/wuxiao/wuxiao-desktop/wuxiao.io/experiment/fe-test/rtl/src/components/Button/index.js": {"path":"/Users/wuxiao/wuxiao-desktop/wuxiao.io/experiment/fe-test/rtl/src/components/Button/index.js","statementMap":{},"fnMap":{},"branchMap":{},"s":{},"f":{},"b":{}}
,"/Users/wuxiao/wuxiao-desktop/wuxiao.io/experiment/fe-test/rtl/src/components/MSWForm/MSWForm.js": {"path":"/Users/wuxiao/wuxiao-desktop/wuxiao.io/experiment/fe-test/rtl/src/components/MSWForm/MSWForm.js","statementMap":{"0":{"start":{"line":3,"column":23},"end":{"line":54,"column":1}},"1":{"start":{"line":4,"column":34},"end":{"line":4,"column":46}},"2":{"start":{"line":5,"column":34},"end":{"line":5,"column":48}},"3":{"start":{"line":7,"column":31},"end":{"line":9,"column":8}},"4":{"start":{"line":8,"column":4},"end":{"line":8,"column":36}},"5":{"start":{"line":11,"column":27},"end":{"line":26,"column":3}},"6":{"start":{"line":13,"column":6},"end":{"line":13,"column":29}},"7":{"start":{"line":14,"column":6},"end":{"line":23,"column":11}},"8":{"start":{"line":20,"column":23},"end":{"line":20,"column":33}},"9":{"start":{"line":22,"column":10},"end":{"line":22,"column":28}},"10":{"start":{"line":28,"column":2},"end":{"line":38,"column":3}},"11":{"start":{"line":29,"column":4},"end":{"line":37,"column":6}},"12":{"start":{"line":40,"column":2},"end":{"line":53,"column":4}}},"fnMap":{"0":{"name":"(anonymous_0)","decl":{"start":{"line":3,"column":23},"end":{"line":3,"column":24}},"loc":{"start":{"line":3,"column":29},"end":{"line":54,"column":1}},"line":3},"1":{"name":"(anonymous_1)","decl":{"start":{"line":7,"column":43},"end":{"line":7,"column":44}},"loc":{"start":{"line":7,"column":54},"end":{"line":9,"column":3}},"line":7},"2":{"name":"(anonymous_2)","decl":{"start":{"line":12,"column":4},"end":{"line":12,"column":5}},"loc":{"start":{"line":12,"column":15},"end":{"line":24,"column":5}},"line":12},"3":{"name":"(anonymous_3)","decl":{"start":{"line":20,"column":14},"end":{"line":20,"column":15}},"loc":{"start":{"line":20,"column":23},"end":{"line":20,"column":33}},"line":20},"4":{"name":"(anonymous_4)","decl":{"start":{"line":21,"column":14},"end":{"line":21,"column":15}},"loc":{"start":{"line":21,"column":24},"end":{"line":23,"column":9}},"line":21}},"branchMap":{"0":{"loc":{"start":{"line":28,"column":2},"end":{"line":38,"column":3}},"type":"if","locations":[{"start":{"line":28,"column":2},"end":{"line":38,"column":3}},{"start":{"line":28,"column":2},"end":{"line":38,"column":3}}],"line":28}},"s":{"0":1,"1":10,"2":10,"3":10,"4":8,"5":10,"6":1,"7":1,"8":1,"9":1,"10":10,"11":1,"12":9},"f":{"0":10,"1":8,"2":1,"3":1,"4":1},"b":{"0":[1,9]},"_coverageSchema":"1a1c01bbd47fc00a2c39e90264f33305004495a9","hash":"fbc74930e1cac375b0a26a3f158d0bd8b3364bc4"}
,"/Users/wuxiao/wuxiao-desktop/wuxiao.io/experiment/fe-test/rtl/src/components/MSWGraphQLForm/MSWGraphQLForm.js": {"path":"/Users/wuxiao/wuxiao-desktop/wuxiao.io/experiment/fe-test/rtl/src/components/MSWGraphQLForm/MSWGraphQLForm.js","statementMap":{"0":{"start":{"line":4,"column":15},"end":{"line":12,"column":1}},"1":{"start":{"line":14,"column":23},"end":{"line":72,"column":1}},"2":{"start":{"line":15,"column":34},"end":{"line":15,"column":46}},"3":{"start":{"line":17,"column":44},"end":{"line":21,"column":4}},"4":{"start":{"line":23,"column":31},"end":{"line":25,"column":8}},"5":{"start":{"line":24,"column":4},"end":{"line":24,"column":36}},"6":{"start":{"line":27,"column":27},"end":{"line":36,"column":3}},"7":{"start":{"line":29,"column":6},"end":{"line":29,"column":29}},"8":{"start":{"line":31,"column":6},"end":{"line":33,"column":9}},"9":{"start":{"line":38,"column":2},"end":{"line":40,"column":3}},"10":{"start":{"line":39,"column":4},"end":{"line":39,"column":29}},"11":{"start":{"line":42,"column":2},"end":{"line":44,"column":3}},"12":{"start":{"line":43,"column":4},"end":{"line":43,"column":71}},"13":{"start":{"line":46,"column":2},"end":{"line":56,"column":3}},"14":{"start":{"line":47,"column":4},"end":{"line":55,"column":6}},"15":{"start":{"line":58,"column":2},"end":{"line":71,"column":4}}},"fnMap":{"0":{"name":"(anonymous_0)","decl":{"start":{"line":14,"column":23},"end":{"line":14,"column":24}},"loc":{"start":{"line":14,"column":29},"end":{"line":72,"column":1}},"line":14},"1":{"name":"(anonymous_1)","decl":{"start":{"line":23,"column":43},"end":{"line":23,"column":44}},"loc":{"start":{"line":23,"column":54},"end":{"line":25,"column":3}},"line":23},"2":{"name":"(anonymous_2)","decl":{"start":{"line":28,"column":4},"end":{"line":28,"column":5}},"loc":{"start":{"line":28,"column":15},"end":{"line":34,"column":5}},"line":28}},"branchMap":{"0":{"loc":{"start":{"line":38,"column":2},"end":{"line":40,"column":3}},"type":"if","locations":[{"start":{"line":38,"column":2},"end":{"line":40,"column":3}},{"start":{"line":38,"column":2},"end":{"line":40,"column":3}}],"line":38},"1":{"loc":{"start":{"line":42,"column":2},"end":{"line":44,"column":3}},"type":"if","locations":[{"start":{"line":42,"column":2},"end":{"line":44,"column":3}},{"start":{"line":42,"column":2},"end":{"line":44,"column":3}}],"line":42},"2":{"loc":{"start":{"line":46,"column":2},"end":{"line":56,"column":3}},"type":"if","locations":[{"start":{"line":46,"column":2},"end":{"line":56,"column":3}},{"start":{"line":46,"column":2},"end":{"line":56,"column":3}}],"line":46}},"s":{"0":1,"1":1,"2":4,"3":4,"4":4,"5":1,"6":4,"7":1,"8":1,"9":4,"10":1,"11":3,"12":0,"13":3,"14":1,"15":2},"f":{"0":4,"1":1,"2":1},"b":{"0":[1,3],"1":[0,3],"2":[1,2]},"_coverageSchema":"1a1c01bbd47fc00a2c39e90264f33305004495a9","hash":"509f10ad01924a441d3f67e1997d558be34fcef9"}
,"/Users/wuxiao/wuxiao-desktop/wuxiao.io/experiment/fe-test/rtl/src/mocks/handlers.js": {"path":"/Users/wuxiao/wuxiao-desktop/wuxiao.io/experiment/fe-test/rtl/src/mocks/handlers.js","statementMap":{"0":{"start":{"line":3,"column":24},"end":{"line":75,"column":1}},"1":{"start":{"line":6,"column":4},"end":{"line":6,"column":55}},"2":{"start":{"line":7,"column":4},"end":{"line":10,"column":6}},"3":{"start":{"line":15,"column":28},"end":{"line":15,"column":70}},"4":{"start":{"line":17,"column":4},"end":{"line":24,"column":5}},"5":{"start":{"line":18,"column":6},"end":{"line":23,"column":8}},"6":{"start":{"line":27,"column":4},"end":{"line":32,"column":6}},"7":{"start":{"line":36,"column":25},"end":{"line":36,"column":45}},"8":{"start":{"line":38,"column":4},"end":{"line":45,"column":6}},"9":{"start":{"line":49,"column":25},"end":{"line":49,"column":38}},"10":{"start":{"line":51,"column":4},"end":{"line":62,"column":5}},"11":{"start":{"line":52,"column":6},"end":{"line":61,"column":8}},"12":{"start":{"line":64,"column":4},"end":{"line":73,"column":6}}},"fnMap":{"0":{"name":"(anonymous_0)","decl":{"start":{"line":4,"column":22},"end":{"line":4,"column":23}},"loc":{"start":{"line":4,"column":41},"end":{"line":11,"column":3}},"line":4},"1":{"name":"(anonymous_1)","decl":{"start":{"line":13,"column":20},"end":{"line":13,"column":21}},"loc":{"start":{"line":13,"column":39},"end":{"line":33,"column":3}},"line":13},"2":{"name":"(anonymous_2)","decl":{"start":{"line":35,"column":23},"end":{"line":35,"column":24}},"loc":{"start":{"line":35,"column":42},"end":{"line":46,"column":3}},"line":35},"3":{"name":"(anonymous_3)","decl":{"start":{"line":48,"column":28},"end":{"line":48,"column":29}},"loc":{"start":{"line":48,"column":47},"end":{"line":74,"column":3}},"line":48}},"branchMap":{"0":{"loc":{"start":{"line":17,"column":4},"end":{"line":24,"column":5}},"type":"if","locations":[{"start":{"line":17,"column":4},"end":{"line":24,"column":5}},{"start":{"line":17,"column":4},"end":{"line":24,"column":5}}],"line":17},"1":{"loc":{"start":{"line":51,"column":4},"end":{"line":62,"column":5}},"type":"if","locations":[{"start":{"line":51,"column":4},"end":{"line":62,"column":5}},{"start":{"line":51,"column":4},"end":{"line":62,"column":5}}],"line":51}},"s":{"0":3,"1":0,"2":0,"3":0,"4":0,"5":0,"6":0,"7":1,"8":1,"9":1,"10":1,"11":0,"12":1},"f":{"0":0,"1":0,"2":1,"3":1},"b":{"0":[0,0],"1":[0,1]},"_coverageSchema":"1a1c01bbd47fc00a2c39e90264f33305004495a9","hash":"c1a10dd884e79ab6ba0a2c7024f7d0c8544fe1c6"}
,"/Users/wuxiao/wuxiao-desktop/wuxiao.io/experiment/fe-test/rtl/src/mocks/server.js": {"path":"/Users/wuxiao/wuxiao-desktop/wuxiao.io/experiment/fe-test/rtl/src/mocks/server.js","statementMap":{"0":{"start":{"line":4,"column":22},"end":{"line":4,"column":46}}},"fnMap":{},"branchMap":{},"s":{"0":3},"f":{},"b":{},"_coverageSchema":"1a1c01bbd47fc00a2c39e90264f33305004495a9","hash":"65fd6527884ded34c39e7ce135d49f8558afd93d"}
,"/Users/wuxiao/wuxiao-desktop/wuxiao.io/experiment/fe-test/rtl/src/stories/Button.js": {"path":"/Users/wuxiao/wuxiao-desktop/wuxiao.io/experiment/fe-test/rtl/src/stories/Button.js","statementMap":{"0":{"start":{"line":8,"column":22},"end":{"line":24,"column":1}},"1":{"start":{"line":9,"column":15},"end":{"line":11,"column":35}},"2":{"start":{"line":12,"column":2},"end":{"line":23,"column":4}},"3":{"start":{"line":26,"column":0},"end":{"line":47,"column":2}},"4":{"start":{"line":49,"column":0},"end":{"line":54,"column":2}}},"fnMap":{"0":{"name":"(anonymous_0)","decl":{"start":{"line":8,"column":22},"end":{"line":8,"column":23}},"loc":{"start":{"line":8,"column":79},"end":{"line":24,"column":1}},"line":8}},"branchMap":{"0":{"loc":{"start":{"line":9,"column":15},"end":{"line":11,"column":35}},"type":"cond-expr","locations":[{"start":{"line":10,"column":6},"end":{"line":10,"column":33}},{"start":{"line":11,"column":6},"end":{"line":11,"column":35}}],"line":9},"1":{"loc":{"start":{"line":18,"column":13},"end":{"line":18,"column":51}},"type":"binary-expr","locations":[{"start":{"line":18,"column":13},"end":{"line":18,"column":28}},{"start":{"line":18,"column":32},"end":{"line":18,"column":51}}],"line":18}},"s":{"0":0,"1":0,"2":0,"3":0,"4":0},"f":{"0":0},"b":{"0":[0,0],"1":[0,0]}}
,"/Users/wuxiao/wuxiao-desktop/wuxiao.io/experiment/fe-test/rtl/src/stories/Button.stories.js": {"path":"/Users/wuxiao/wuxiao-desktop/wuxiao.io/experiment/fe-test/rtl/src/stories/Button.stories.js","statementMap":{"0":{"start":{"line":13,"column":17},"end":{"line":13,"column":47}},"1":{"start":{"line":13,"column":27},"end":{"line":13,"column":47}},"2":{"start":{"line":15,"column":23},"end":{"line":15,"column":40}},"3":{"start":{"line":16,"column":0},"end":{"line":19,"column":2}},"4":{"start":{"line":21,"column":25},"end":{"line":21,"column":42}},"5":{"start":{"line":22,"column":0},"end":{"line":24,"column":2}},"6":{"start":{"line":26,"column":21},"end":{"line":26,"column":38}},"7":{"start":{"line":27,"column":0},"end":{"line":30,"column":2}},"8":{"start":{"line":32,"column":21},"end":{"line":32,"column":38}},"9":{"start":{"line":33,"column":0},"end":{"line":36,"column":2}}},"fnMap":{"0":{"name":"(anonymous_0)","decl":{"start":{"line":13,"column":17},"end":{"line":13,"column":18}},"loc":{"start":{"line":13,"column":27},"end":{"line":13,"column":47}},"line":13}},"branchMap":{},"s":{"0":0,"1":0,"2":0,"3":0,"4":0,"5":0,"6":0,"7":0,"8":0,"9":0},"f":{"0":0},"b":{}}
,"/Users/wuxiao/wuxiao-desktop/wuxiao.io/experiment/fe-test/rtl/src/stories/Button2.stories.js": {"path":"/Users/wuxiao/wuxiao-desktop/wuxiao.io/experiment/fe-test/rtl/src/stories/Button2.stories.js","statementMap":{"0":{"start":{"line":13,"column":17},"end":{"line":13,"column":47}},"1":{"start":{"line":13,"column":27},"end":{"line":13,"column":47}},"2":{"start":{"line":15,"column":23},"end":{"line":15,"column":40}},"3":{"start":{"line":16,"column":0},"end":{"line":19,"column":2}},"4":{"start":{"line":21,"column":25},"end":{"line":21,"column":42}},"5":{"start":{"line":22,"column":0},"end":{"line":24,"column":2}},"6":{"start":{"line":26,"column":21},"end":{"line":26,"column":38}},"7":{"start":{"line":27,"column":0},"end":{"line":30,"column":2}},"8":{"start":{"line":32,"column":21},"end":{"line":32,"column":38}},"9":{"start":{"line":33,"column":0},"end":{"line":36,"column":2}}},"fnMap":{"0":{"name":"(anonymous_0)","decl":{"start":{"line":13,"column":17},"end":{"line":13,"column":18}},"loc":{"start":{"line":13,"column":27},"end":{"line":13,"column":47}},"line":13}},"branchMap":{},"s":{"0":0,"1":0,"2":0,"3":0,"4":0,"5":0,"6":0,"7":0,"8":0,"9":0},"f":{"0":0},"b":{}}
,"/Users/wuxiao/wuxiao-desktop/wuxiao.io/experiment/fe-test/rtl/src/stories/Header.js": {"path":"/Users/wuxiao/wuxiao-desktop/wuxiao.io/experiment/fe-test/rtl/src/stories/Header.js","statementMap":{"0":{"start":{"line":7,"column":22},"end":{"line":51,"column":1}},"1":{"start":{"line":8,"column":2},"end":{"line":50,"column":11}},"2":{"start":{"line":53,"column":0},"end":{"line":58,"column":2}},"3":{"start":{"line":60,"column":0},"end":{"line":62,"column":2}}},"fnMap":{"0":{"name":"(anonymous_0)","decl":{"start":{"line":7,"column":22},"end":{"line":7,"column":23}},"loc":{"start":{"line":8,"column":2},"end":{"line":50,"column":11}},"line":8}},"branchMap":{"0":{"loc":{"start":{"line":35,"column":9},"end":{"line":47,"column":9}},"type":"cond-expr","locations":[{"start":{"line":36,"column":10},"end":{"line":36,"column":68}},{"start":{"line":38,"column":10},"end":{"line":46,"column":13}}],"line":35}},"s":{"0":0,"1":0,"2":0,"3":0},"f":{"0":0},"b":{"0":[0,0]}}
,"/Users/wuxiao/wuxiao-desktop/wuxiao.io/experiment/fe-test/rtl/src/stories/Header.stories.js": {"path":"/Users/wuxiao/wuxiao-desktop/wuxiao.io/experiment/fe-test/rtl/src/stories/Header.stories.js","statementMap":{"0":{"start":{"line":10,"column":17},"end":{"line":10,"column":47}},"1":{"start":{"line":10,"column":27},"end":{"line":10,"column":47}},"2":{"start":{"line":12,"column":24},"end":{"line":12,"column":41}},"3":{"start":{"line":13,"column":0},"end":{"line":15,"column":2}},"4":{"start":{"line":17,"column":25},"end":{"line":17,"column":42}},"5":{"start":{"line":18,"column":0},"end":{"line":18,"column":20}}},"fnMap":{"0":{"name":"(anonymous_0)","decl":{"start":{"line":10,"column":17},"end":{"line":10,"column":18}},"loc":{"start":{"line":10,"column":27},"end":{"line":10,"column":47}},"line":10}},"branchMap":{},"s":{"0":0,"1":0,"2":0,"3":0,"4":0,"5":0},"f":{"0":0},"b":{}}
,"/Users/wuxiao/wuxiao-desktop/wuxiao.io/experiment/fe-test/rtl/src/stories/Page.js": {"path":"/Users/wuxiao/wuxiao-desktop/wuxiao.io/experiment/fe-test/rtl/src/stories/Page.js","statementMap":{"0":{"start":{"line":7,"column":20},"end":{"line":83,"column":1}},"1":{"start":{"line":8,"column":2},"end":{"line":82,"column":12}},"2":{"start":{"line":84,"column":0},"end":{"line":89,"column":2}},"3":{"start":{"line":91,"column":0},"end":{"line":93,"column":2}}},"fnMap":{"0":{"name":"(anonymous_0)","decl":{"start":{"line":7,"column":20},"end":{"line":7,"column":21}},"loc":{"start":{"line":8,"column":2},"end":{"line":82,"column":12}},"line":8}},"branchMap":{},"s":{"0":0,"1":0,"2":0,"3":0},"f":{"0":0},"b":{}}
,"/Users/wuxiao/wuxiao-desktop/wuxiao.io/experiment/fe-test/rtl/src/stories/Page.stories.js": {"path":"/Users/wuxiao/wuxiao-desktop/wuxiao.io/experiment/fe-test/rtl/src/stories/Page.stories.js","statementMap":{"0":{"start":{"line":11,"column":17},"end":{"line":11,"column":45}},"1":{"start":{"line":11,"column":27},"end":{"line":11,"column":45}},"2":{"start":{"line":13,"column":24},"end":{"line":13,"column":41}},"3":{"start":{"line":14,"column":0},"end":{"line":16,"column":2}},"4":{"start":{"line":18,"column":25},"end":{"line":18,"column":42}},"5":{"start":{"line":19,"column":0},"end":{"line":21,"column":2}}},"fnMap":{"0":{"name":"(anonymous_0)","decl":{"start":{"line":11,"column":17},"end":{"line":11,"column":18}},"loc":{"start":{"line":11,"column":27},"end":{"line":11,"column":45}},"line":11}},"branchMap":{},"s":{"0":0,"1":0,"2":0,"3":0,"4":0,"5":0},"f":{"0":0},"b":{}}
}
