TN:
SF:src/ApolloClient.js
FN:10,(anonymous_0)
FNF:1
FNH:1
FNDA:1,(anonymous_0)
DA:3,1
DA:5,1
DA:10,1
DA:15,1
LF:4
LH:4
BRF:0
BRH:0
end_of_record
TN:
SF:src/Routes.js
FN:6,(anonymous_0)
FN:12,(anonymous_1)
FNF:2
FNH:0
FNDA:0,(anonymous_0)
FNDA:0,(anonymous_1)
DA:6,0
DA:7,0
DA:13,0
DA:14,0
LF:4
LH:0
BRF:0
BRH:0
end_of_record
TN:
SF:src/index.js
FN:6,(anonymous_0)
FNF:1
FNH:0
FNDA:0,(anonymous_0)
DA:6,0
DA:7,0
DA:18,0
LF:3
LH:0
BRF:0
BRH:0
end_of_record
TN:
SF:src/application/TodosMobx/TodoList.js
FN:6,(anonymous_0)
FN:23,(anonymous_1)
FN:29,(anonymous_2)
FN:37,(anonymous_3)
FN:43,(anonymous_4)
FN:50,(anonymous_5)
FNF:6
FNH:0
FNDA:0,(anonymous_0)
FNDA:0,(anonymous_1)
FNDA:0,(anonymous_2)
FNDA:0,(anonymous_3)
FNDA:0,(anonymous_4)
FNDA:0,(anonymous_5)
DA:6,0
DA:14,0
DA:15,0
DA:24,0
DA:25,0
DA:30,0
DA:31,0
DA:38,0
DA:44,0
DA:51,0
DA:63,0
LF:11
LH:0
BRF:0
BRH:0
end_of_record
TN:
SF:src/application/TodosMobx/TodosMobx.js
FN:6,(anonymous_0)
FNF:1
FNH:0
FNDA:0,(anonymous_0)
DA:6,0
DA:7,0
LF:2
LH:0
BRF:0
BRH:0
end_of_record
TN:
SF:src/application/TodosMobx/TodosMobxStore.js
FN:5,(anonymous_0)
FN:29,(anonymous_1)
FN:33,(anonymous_2)
FN:43,(anonymous_3)
FN:44,(anonymous_4)
FN:51,(anonymous_5)
FN:52,(anonymous_6)
FNF:7
FNH:0
FNDA:0,(anonymous_0)
FNDA:0,(anonymous_1)
FNDA:0,(anonymous_2)
FNDA:0,(anonymous_3)
FNDA:0,(anonymous_4)
FNDA:0,(anonymous_5)
FNDA:0,(anonymous_6)
DA:6,0
DA:9,0
DA:27,0
DA:29,0
DA:30,0
DA:33,0
DA:34,0
DA:35,0
DA:43,0
DA:44,0
DA:45,0
DA:46,0
DA:51,0
DA:52,0
DA:56,0
LF:15
LH:0
BRDA:34,0,0,0
BRDA:34,0,1,0
BRDA:45,1,0,0
BRDA:45,1,1,0
BRF:4
BRH:0
end_of_record
TN:
SF:src/components/Button/Button.js
FN:4,(anonymous_0)
FN:28,(anonymous_1)
FNF:2
FNH:0
FNDA:0,(anonymous_0)
FNDA:0,(anonymous_1)
DA:4,0
DA:5,0
DA:10,0
DA:17,0
DA:25,0
DA:30,0
DA:34,0
LF:7
LH:0
BRF:0
BRH:0
end_of_record
TN:
SF:src/components/Button/Button.stories.js
FN:17,(anonymous_0)
FNF:1
FNH:0
FNDA:0,(anonymous_0)
DA:17,0
DA:18,0
DA:23,0
DA:24,0
LF:4
LH:0
BRF:0
BRH:0
end_of_record
TN:
SF:src/components/Button/index.js
FNF:0
FNH:0
LF:0
LH:0
BRF:0
BRH:0
end_of_record
TN:
SF:src/components/MSWForm/MSWForm.js
FN:3,(anonymous_0)
FN:7,(anonymous_1)
FN:12,(anonymous_2)
FN:20,(anonymous_3)
FN:21,(anonymous_4)
FNF:5
FNH:5
FNDA:10,(anonymous_0)
FNDA:8,(anonymous_1)
FNDA:1,(anonymous_2)
FNDA:1,(anonymous_3)
FNDA:1,(anonymous_4)
DA:3,1
DA:4,10
DA:5,10
DA:7,10
DA:8,8
DA:11,10
DA:13,1
DA:14,1
DA:20,1
DA:22,1
DA:28,10
DA:29,1
DA:40,9
LF:13
LH:13
BRDA:28,0,0,1
BRDA:28,0,1,9
BRF:2
BRH:2
end_of_record
TN:
SF:src/components/MSWGraphQLForm/MSWGraphQLForm.js
FN:14,(anonymous_0)
FN:23,(anonymous_1)
FN:28,(anonymous_2)
FNF:3
FNH:3
FNDA:4,(anonymous_0)
FNDA:1,(anonymous_1)
FNDA:1,(anonymous_2)
DA:4,1
DA:14,1
DA:15,4
DA:17,4
DA:23,4
DA:24,1
DA:27,4
DA:29,1
DA:31,1
DA:38,4
DA:39,1
DA:42,3
DA:43,0
DA:46,3
DA:47,1
DA:58,2
LF:16
LH:15
BRDA:38,0,0,1
BRDA:38,0,1,3
BRDA:42,1,0,0
BRDA:42,1,1,3
BRDA:46,2,0,1
BRDA:46,2,1,2
BRF:6
BRH:5
end_of_record
TN:
SF:src/mocks/handlers.js
FN:4,(anonymous_0)
FN:13,(anonymous_1)
FN:35,(anonymous_2)
FN:48,(anonymous_3)
FNF:4
FNH:2
FNDA:0,(anonymous_0)
FNDA:0,(anonymous_1)
FNDA:1,(anonymous_2)
FNDA:1,(anonymous_3)
DA:3,3
DA:6,0
DA:7,0
DA:15,0
DA:17,0
DA:18,0
DA:27,0
DA:36,1
DA:38,1
DA:49,1
DA:51,1
DA:52,0
DA:64,1
LF:13
LH:6
BRDA:17,0,0,0
BRDA:17,0,1,0
BRDA:51,1,0,0
BRDA:51,1,1,1
BRF:4
BRH:1
end_of_record
TN:
SF:src/mocks/server.js
FNF:0
FNH:0
DA:4,3
LF:1
LH:1
BRF:0
BRH:0
end_of_record
TN:
SF:src/stories/Button.js
FN:8,(anonymous_0)
FNF:1
FNH:0
FNDA:0,(anonymous_0)
DA:8,0
DA:9,0
DA:12,0
DA:26,0
DA:49,0
LF:5
LH:0
BRDA:9,0,0,0
BRDA:9,0,1,0
BRDA:18,1,0,0
BRDA:18,1,1,0
BRF:4
BRH:0
end_of_record
TN:
SF:src/stories/Button.stories.js
FN:13,(anonymous_0)
FNF:1
FNH:0
FNDA:0,(anonymous_0)
DA:13,0
DA:15,0
DA:16,0
DA:21,0
DA:22,0
DA:26,0
DA:27,0
DA:32,0
DA:33,0
LF:9
LH:0
BRF:0
BRH:0
end_of_record
TN:
SF:src/stories/Button2.stories.js
FN:13,(anonymous_0)
FNF:1
FNH:0
FNDA:0,(anonymous_0)
DA:13,0
DA:15,0
DA:16,0
DA:21,0
DA:22,0
DA:26,0
DA:27,0
DA:32,0
DA:33,0
LF:9
LH:0
BRF:0
BRH:0
end_of_record
TN:
SF:src/stories/Header.js
FN:7,(anonymous_0)
FNF:1
FNH:0
FNDA:0,(anonymous_0)
DA:7,0
DA:8,0
DA:53,0
DA:60,0
LF:4
LH:0
BRDA:35,0,0,0
BRDA:35,0,1,0
BRF:2
BRH:0
end_of_record
TN:
SF:src/stories/Header.stories.js
FN:10,(anonymous_0)
FNF:1
FNH:0
FNDA:0,(anonymous_0)
DA:10,0
DA:12,0
DA:13,0
DA:17,0
DA:18,0
LF:5
LH:0
BRF:0
BRH:0
end_of_record
TN:
SF:src/stories/Page.js
FN:7,(anonymous_0)
FNF:1
FNH:0
FNDA:0,(anonymous_0)
DA:7,0
DA:8,0
DA:84,0
DA:91,0
LF:4
LH:0
BRF:0
BRH:0
end_of_record
TN:
SF:src/stories/Page.stories.js
FN:11,(anonymous_0)
FNF:1
FNH:0
FNDA:0,(anonymous_0)
DA:11,0
DA:13,0
DA:14,0
DA:18,0
DA:19,0
LF:5
LH:0
BRF:0
BRH:0
end_of_record
